<strong>SMTP connect() failed. https://github.com/PHPMailer/PHPMailer/wiki/Troubleshooting</strong><br />
El cliente no está autorizado a acceder a %resourcesOut of range value for column 'id_orden_saas' at row 1Ya existe un proceso corriendoYa existe un proceso corriendoYa existe un proceso corriendoYa existe un proceso corriendoYa existe un proceso corriendoYa existe un proceso corriendoYa existe un proceso corriendoYa existe un proceso corriendoYa existe un proceso corriendoYa existe un proceso corriendoYa existe un proceso corriendoYa existe un proceso corriendoYa existe un proceso corriendoYa existe un proceso corriendoYa existe un proceso corriendoYa existe un proceso corriendoYa existe un proceso corriendoYa existe un proceso corriendoYa existe un proceso corriendoYa existe un proceso corriendoYa existe un proceso corriendoYa existe un proceso corriendoYa existe un proceso corriendoMon Jun 10 16:00:01 UTC 2019


Ya existe un proceso corriendoMon Jun 10 17:00:01 UTC 2019


Out of range value for column 'id_orden_saas' at row 1Mon Jun 10 18:00:01 UTC 2019


Ya existe un proceso corriendoMon Jun 10 18:30:01 UTC 2019




Mon Jun 10 19:10:01 UTC 2019


Mon Jun 10 20:00:01 UTC 2019


Mon Jun 10 21:00:01 UTC 2019


Mon Jun 10 22:00:01 UTC 2019


Mon Jun 10 23:00:01 UTC 2019


Tue Jun 11 00:00:01 UTC 2019


Tue Jun 11 01:00:01 UTC 2019


Tue Jun 11 02:00:01 UTC 2019


Tue Jun 11 03:00:01 UTC 2019


Tue Jun 11 04:00:01 UTC 2019


Tue Jun 11 05:00:01 UTC 2019


Tue Jun 11 06:00:01 UTC 2019


Tue Jun 11 07:00:01 UTC 2019


Tue Jun 11 08:00:01 UTC 2019


Tue Jun 11 09:00:01 UTC 2019


Tue Jun 11 10:00:01 UTC 2019


Tue Jun 11 11:00:01 UTC 2019


Tue Jun 11 12:00:01 UTC 2019


Tue Jun 11 13:00:02 UTC 2019


Tue Jun 11 14:00:01 UTC 2019


Tue Jun 11 15:00:01 UTC 2019


Tue Jun 11 16:00:01 UTC 2019


Tue Jun 11 17:00:01 UTC 2019


Tue Jun 11 18:00:01 UTC 2019


Tue Jun 11 19:00:01 UTC 2019


Tue Jun 11 20:00:01 UTC 2019


Tue Jun 11 21:00:01 UTC 2019


Tue Jun 11 22:00:01 UTC 2019


Tue Jun 11 23:00:01 UTC 2019


Wed Jun 12 00:00:01 UTC 2019


Wed Jun 12 01:00:01 UTC 2019


Wed Jun 12 02:00:01 UTC 2019


Wed Jun 12 03:00:01 UTC 2019


Wed Jun 12 04:00:01 UTC 2019


Wed Jun 12 05:00:01 UTC 2019


Wed Jun 12 06:00:01 UTC 2019


Wed Jun 12 07:00:01 UTC 2019


Wed Jun 12 08:00:01 UTC 2019


Wed Jun 12 09:00:01 UTC 2019


Wed Jun 12 10:00:01 UTC 2019


Wed Jun 12 11:00:01 UTC 2019


Wed Jun 12 12:00:01 UTC 2019


Wed Jun 12 13:00:01 UTC 2019


Wed Jun 12 14:00:01 UTC 2019


Wed Jun 12 15:00:01 UTC 2019


Wed Jun 12 16:00:01 UTC 2019


Wed Jun 12 17:00:01 UTC 2019


Wed Jun 12 18:00:01 UTC 2019


Wed Jun 12 19:00:01 UTC 2019


Wed Jun 12 20:00:01 UTC 2019


Wed Jun 12 21:00:01 UTC 2019


Wed Jun 12 22:00:01 UTC 2019


Wed Jun 12 23:00:01 UTC 2019


Thu Jun 13 00:00:01 UTC 2019


Thu Jun 13 01:00:01 UTC 2019


Thu Jun 13 02:00:01 UTC 2019


Thu Jun 13 03:00:01 UTC 2019


Thu Jun 13 04:00:01 UTC 2019


Thu Jun 13 05:00:01 UTC 2019


Thu Jun 13 06:00:01 UTC 2019


Thu Jun 13 07:00:01 UTC 2019


Thu Jun 13 08:00:01 UTC 2019


Thu Jun 13 09:00:01 UTC 2019


Thu Jun 13 10:00:01 UTC 2019


Thu Jun 13 11:00:01 UTC 2019


Thu Jun 13 12:00:01 UTC 2019


Thu Jun 13 13:00:01 UTC 2019


Thu Jun 13 14:00:01 UTC 2019


Thu Jun 13 15:00:01 UTC 2019


Thu Jun 13 16:00:01 UTC 2019


Thu Jun 13 17:00:01 UTC 2019


Thu Jun 13 18:00:01 UTC 2019


Thu Jun 13 19:00:01 UTC 2019


Thu Jun 13 20:00:01 UTC 2019


Thu Jun 13 21:00:01 UTC 2019


Thu Jun 13 22:00:01 UTC 2019


Thu Jun 13 23:00:01 UTC 2019


Fri Jun 14 00:00:01 UTC 2019


Fri Jun 14 01:00:01 UTC 2019


Fri Jun 14 02:00:01 UTC 2019


Fri Jun 14 03:00:01 UTC 2019


Fri Jun 14 04:00:01 UTC 2019


Fri Jun 14 05:00:01 UTC 2019


Fri Jun 14 06:00:01 UTC 2019


Fri Jun 14 07:00:01 UTC 2019


Fri Jun 14 08:00:01 UTC 2019


Fri Jun 14 09:00:01 UTC 2019


Fri Jun 14 10:00:02 UTC 2019


Fri Jun 14 11:00:01 UTC 2019


Fri Jun 14 12:00:01 UTC 2019


Fri Jun 14 13:00:01 UTC 2019


Fri Jun 14 14:00:01 UTC 2019


Fri Jun 14 15:00:01 UTC 2019


Fri Jun 14 16:00:02 UTC 2019


Fri Jun 14 17:00:01 UTC 2019


Fri Jun 14 18:00:01 UTC 2019


Fri Jun 14 19:00:01 UTC 2019


Fri Jun 14 20:00:01 UTC 2019


Fri Jun 14 21:00:02 UTC 2019


Fri Jun 14 22:00:01 UTC 2019


Fri Jun 14 23:00:01 UTC 2019


Sat Jun 15 00:00:01 UTC 2019


Sat Jun 15 01:00:01 UTC 2019


Sat Jun 15 02:00:01 UTC 2019


Sat Jun 15 03:00:01 UTC 2019


Sat Jun 15 04:00:01 UTC 2019


Sat Jun 15 05:00:01 UTC 2019


Sat Jun 15 06:00:01 UTC 2019


Sat Jun 15 07:00:01 UTC 2019


Sat Jun 15 08:00:01 UTC 2019


Sat Jun 15 09:00:01 UTC 2019


Sat Jun 15 10:00:01 UTC 2019


Sat Jun 15 11:00:01 UTC 2019


Sat Jun 15 12:00:01 UTC 2019


Sat Jun 15 13:00:01 UTC 2019


Sat Jun 15 14:00:01 UTC 2019


Sat Jun 15 15:00:01 UTC 2019


Sat Jun 15 16:00:01 UTC 2019


Sat Jun 15 17:00:01 UTC 2019


Sat Jun 15 18:00:01 UTC 2019


Sat Jun 15 19:00:01 UTC 2019


Sat Jun 15 20:00:01 UTC 2019


Sat Jun 15 21:00:01 UTC 2019


Sat Jun 15 22:00:01 UTC 2019


Sat Jun 15 23:00:01 UTC 2019


Sun Jun 16 00:00:01 UTC 2019


Sun Jun 16 01:00:01 UTC 2019


Sun Jun 16 02:00:01 UTC 2019


Sun Jun 16 03:00:01 UTC 2019


Sun Jun 16 04:00:01 UTC 2019


Sun Jun 16 05:00:01 UTC 2019


Sun Jun 16 06:00:01 UTC 2019


Sun Jun 16 07:00:01 UTC 2019


Sun Jun 16 08:00:01 UTC 2019


Sun Jun 16 09:00:02 UTC 2019


Sun Jun 16 10:00:01 UTC 2019


Sun Jun 16 11:00:01 UTC 2019


Sun Jun 16 12:00:01 UTC 2019


Sun Jun 16 13:00:01 UTC 2019


Sun Jun 16 14:00:01 UTC 2019


Sun Jun 16 15:00:01 UTC 2019


Sun Jun 16 16:00:01 UTC 2019


Sun Jun 16 17:00:01 UTC 2019


Sun Jun 16 18:00:01 UTC 2019


Sun Jun 16 19:00:01 UTC 2019


Sun Jun 16 20:00:01 UTC 2019


Sun Jun 16 21:00:01 UTC 2019


Sun Jun 16 22:00:01 UTC 2019


Sun Jun 16 23:00:01 UTC 2019


Mon Jun 17 00:00:01 UTC 2019


Mon Jun 17 01:00:01 UTC 2019


Mon Jun 17 02:00:01 UTC 2019


Mon Jun 17 03:00:01 UTC 2019


Mon Jun 17 04:00:01 UTC 2019


Mon Jun 17 05:00:01 UTC 2019


Mon Jun 17 06:00:01 UTC 2019


Mon Jun 17 07:00:01 UTC 2019


Mon Jun 17 08:00:01 UTC 2019


Mon Jun 17 09:00:01 UTC 2019


Mon Jun 17 10:00:01 UTC 2019


Mon Jun 17 11:00:01 UTC 2019


Mon Jun 17 12:00:01 UTC 2019


Mon Jun 17 13:00:01 UTC 2019


Mon Jun 17 14:00:01 UTC 2019


Mon Jun 17 15:00:01 UTC 2019


Mon Jun 17 16:00:01 UTC 2019


Mon Jun 17 17:00:01 UTC 2019


Mon Jun 17 18:00:01 UTC 2019


Mon Jun 17 19:00:01 UTC 2019


Mon Jun 17 20:00:01 UTC 2019


Mon Jun 17 21:00:01 UTC 2019


Mon Jun 17 22:00:01 UTC 2019


Mon Jun 17 23:00:01 UTC 2019


Tue Jun 18 00:00:01 UTC 2019


Tue Jun 18 01:00:01 UTC 2019


Tue Jun 18 02:00:01 UTC 2019


Tue Jun 18 03:00:01 UTC 2019


Tue Jun 18 04:00:01 UTC 2019


Tue Jun 18 05:00:01 UTC 2019


Tue Jun 18 06:00:01 UTC 2019


Tue Jun 18 07:00:01 UTC 2019


Tue Jun 18 08:00:01 UTC 2019


Tue Jun 18 09:00:01 UTC 2019


Tue Jun 18 10:00:01 UTC 2019


Tue Jun 18 11:00:01 UTC 2019


Tue Jun 18 12:00:01 UTC 2019


Tue Jun 18 13:00:01 UTC 2019


Tue Jun 18 14:00:01 UTC 2019


Tue Jun 18 15:00:01 UTC 2019


Tue Jun 18 16:00:01 UTC 2019


Tue Jun 18 17:00:01 UTC 2019


Tue Jun 18 18:00:01 UTC 2019


Tue Jun 18 19:00:01 UTC 2019


Tue Jun 18 20:00:01 UTC 2019


Tue Jun 18 21:00:02 UTC 2019


Tue Jun 18 22:00:01 UTC 2019


Tue Jun 18 23:00:01 UTC 2019


Wed Jun 19 00:00:01 UTC 2019


Wed Jun 19 01:00:01 UTC 2019


Wed Jun 19 02:00:01 UTC 2019


Wed Jun 19 03:00:01 UTC 2019


Wed Jun 19 04:00:01 UTC 2019


Wed Jun 19 05:00:01 UTC 2019


Wed Jun 19 06:00:01 UTC 2019


Wed Jun 19 07:00:01 UTC 2019


Wed Jun 19 08:00:01 UTC 2019


Wed Jun 19 09:00:01 UTC 2019


Wed Jun 19 10:00:01 UTC 2019


Wed Jun 19 11:00:01 UTC 2019


Wed Jun 19 12:00:01 UTC 2019


Wed Jun 19 13:00:01 UTC 2019


Wed Jun 19 14:00:01 UTC 2019


Wed Jun 19 15:00:01 UTC 2019


Wed Jun 19 16:00:01 UTC 2019


Wed Jun 19 17:00:01 UTC 2019


Wed Jun 19 18:00:01 UTC 2019


Wed Jun 19 19:00:01 UTC 2019


Wed Jun 19 20:00:01 UTC 2019


Wed Jun 19 21:00:01 UTC 2019


Wed Jun 19 22:00:02 UTC 2019


Wed Jun 19 23:00:01 UTC 2019


Thu Jun 20 00:00:01 UTC 2019


Thu Jun 20 01:00:01 UTC 2019


Thu Jun 20 02:00:01 UTC 2019


Thu Jun 20 03:00:01 UTC 2019


Thu Jun 20 04:00:01 UTC 2019


Thu Jun 20 05:00:01 UTC 2019


Thu Jun 20 06:00:01 UTC 2019


Thu Jun 20 07:00:01 UTC 2019


Thu Jun 20 08:00:02 UTC 2019


Thu Jun 20 09:00:01 UTC 2019


Thu Jun 20 10:00:01 UTC 2019


Thu Jun 20 11:00:01 UTC 2019


Thu Jun 20 12:00:01 UTC 2019


Thu Jun 20 13:00:01 UTC 2019


Thu Jun 20 14:00:01 UTC 2019


Thu Jun 20 15:00:01 UTC 2019


Thu Jun 20 16:00:01 UTC 2019


Thu Jun 20 17:00:01 UTC 2019


Thu Jun 20 18:00:01 UTC 2019


Thu Jun 20 19:00:01 UTC 2019


Thu Jun 20 20:00:01 UTC 2019


Thu Jun 20 21:00:01 UTC 2019


Thu Jun 20 22:00:01 UTC 2019


Thu Jun 20 23:00:01 UTC 2019


Fri Jun 21 00:00:01 UTC 2019


Fri Jun 21 01:00:01 UTC 2019


Fri Jun 21 02:00:01 UTC 2019


Fri Jun 21 03:00:01 UTC 2019


Fri Jun 21 04:00:01 UTC 2019


Fri Jun 21 05:00:01 UTC 2019


Fri Jun 21 06:00:01 UTC 2019


Fri Jun 21 07:00:01 UTC 2019


Fri Jun 21 08:00:01 UTC 2019


Fri Jun 21 09:00:01 UTC 2019


Fri Jun 21 10:00:01 UTC 2019


Fri Jun 21 11:00:01 UTC 2019


Fri Jun 21 12:00:01 UTC 2019


Fri Jun 21 13:00:01 UTC 2019


Fri Jun 21 14:00:01 UTC 2019


Fri Jun 21 15:00:01 UTC 2019


Fri Jun 21 16:00:01 UTC 2019


Fri Jun 21 17:00:01 UTC 2019


Fri Jun 21 18:00:01 UTC 2019


Fri Jun 21 19:00:01 UTC 2019


Fri Jun 21 20:00:01 UTC 2019
Ya existe un proceso corriendo

Fri Jun 21 21:00:01 UTC 2019
Ya existe un proceso corriendo

Fri Jun 21 22:00:02 UTC 2019
Ya existe un proceso corriendo

Fri Jun 21 23:00:01 UTC 2019
Ya existe un proceso corriendo

Sat Jun 22 00:00:01 UTC 2019
Ya existe un proceso corriendo

Sat Jun 22 01:00:01 UTC 2019
Ya existe un proceso corriendo

Sat Jun 22 02:00:01 UTC 2019
Ya existe un proceso corriendo

Sat Jun 22 03:00:01 UTC 2019
Ya existe un proceso corriendo

Sat Jun 22 04:00:01 UTC 2019
Ya existe un proceso corriendo

Sat Jun 22 05:00:01 UTC 2019
Ya existe un proceso corriendo

Sat Jun 22 06:00:01 UTC 2019
Ya existe un proceso corriendo

Sat Jun 22 07:00:01 UTC 2019
Ya existe un proceso corriendo

Sat Jun 22 08:00:01 UTC 2019
Ya existe un proceso corriendo

Sat Jun 22 09:00:01 UTC 2019
Ya existe un proceso corriendo

Sat Jun 22 10:00:01 UTC 2019
Ya existe un proceso corriendo

Sat Jun 22 11:00:01 UTC 2019
Ya existe un proceso corriendo

Sat Jun 22 12:00:01 UTC 2019
Ya existe un proceso corriendo

Sat Jun 22 13:00:01 UTC 2019
Ya existe un proceso corriendo

Sat Jun 22 14:00:01 UTC 2019
Ya existe un proceso corriendo

Sat Jun 22 15:00:01 UTC 2019
Ya existe un proceso corriendo

Sat Jun 22 16:00:01 UTC 2019
Ya existe un proceso corriendo

Sat Jun 22 17:00:01 UTC 2019
Ya existe un proceso corriendo

Sat Jun 22 18:00:01 UTC 2019
Ya existe un proceso corriendo

Sat Jun 22 19:00:01 UTC 2019
Ya existe un proceso corriendo

Sat Jun 22 20:00:01 UTC 2019
Ya existe un proceso corriendo

Sat Jun 22 21:00:01 UTC 2019
Ya existe un proceso corriendo

Sat Jun 22 22:00:01 UTC 2019
Ya existe un proceso corriendo

Sat Jun 22 23:00:01 UTC 2019
Ya existe un proceso corriendo

Sun Jun 23 00:00:01 UTC 2019
Ya existe un proceso corriendo

Sun Jun 23 01:00:01 UTC 2019
Ya existe un proceso corriendo

Sun Jun 23 02:00:01 UTC 2019
Ya existe un proceso corriendo

Sun Jun 23 03:00:01 UTC 2019
Ya existe un proceso corriendo

Sun Jun 23 04:00:01 UTC 2019
Ya existe un proceso corriendo

Sun Jun 23 05:00:01 UTC 2019
Ya existe un proceso corriendo

Sun Jun 23 06:00:01 UTC 2019
Ya existe un proceso corriendo

Sun Jun 23 07:00:01 UTC 2019
Ya existe un proceso corriendo

Sun Jun 23 08:00:01 UTC 2019
Ya existe un proceso corriendo

Sun Jun 23 09:00:01 UTC 2019
Ya existe un proceso corriendo

Sun Jun 23 10:00:01 UTC 2019
Ya existe un proceso corriendo

Sun Jun 23 11:00:01 UTC 2019
Ya existe un proceso corriendo

Sun Jun 23 12:00:01 UTC 2019
Ya existe un proceso corriendo

Sun Jun 23 13:00:01 UTC 2019
Ya existe un proceso corriendo

Sun Jun 23 14:00:01 UTC 2019
Ya existe un proceso corriendo

Sun Jun 23 15:00:01 UTC 2019
Ya existe un proceso corriendo

Sun Jun 23 16:00:01 UTC 2019
Ya existe un proceso corriendo

Sun Jun 23 17:00:01 UTC 2019
Ya existe un proceso corriendo

Sun Jun 23 18:00:01 UTC 2019
Ya existe un proceso corriendo

Sun Jun 23 19:00:01 UTC 2019
Ya existe un proceso corriendo

Sun Jun 23 20:00:01 UTC 2019
Ya existe un proceso corriendo

Sun Jun 23 21:00:01 UTC 2019
Ya existe un proceso corriendo

Sun Jun 23 22:00:01 UTC 2019
Ya existe un proceso corriendo

Sun Jun 23 23:00:01 UTC 2019
Ya existe un proceso corriendo

Mon Jun 24 00:00:01 UTC 2019
Ya existe un proceso corriendo

Mon Jun 24 01:00:01 UTC 2019
Ya existe un proceso corriendo

Mon Jun 24 02:00:01 UTC 2019
Ya existe un proceso corriendo

Mon Jun 24 03:00:01 UTC 2019
Ya existe un proceso corriendo

Mon Jun 24 04:00:01 UTC 2019
Ya existe un proceso corriendo

Mon Jun 24 05:00:01 UTC 2019
Ya existe un proceso corriendo

Mon Jun 24 06:00:01 UTC 2019
Ya existe un proceso corriendo

Mon Jun 24 07:00:01 UTC 2019
Ya existe un proceso corriendo

Mon Jun 24 08:00:01 UTC 2019
Ya existe un proceso corriendo

Mon Jun 24 09:00:01 UTC 2019
Ya existe un proceso corriendo

Mon Jun 24 10:00:01 UTC 2019
Ya existe un proceso corriendo

Mon Jun 24 11:00:01 UTC 2019
Ya existe un proceso corriendo

Mon Jun 24 12:00:01 UTC 2019
Ya existe un proceso corriendo

Mon Jun 24 13:00:01 UTC 2019
Ya existe un proceso corriendo

Mon Jun 24 14:00:01 UTC 2019
Ya existe un proceso corriendo

Mon Jun 24 15:00:01 UTC 2019
Ya existe un proceso corriendo

Mon Jun 24 16:00:01 UTC 2019


Mon Jun 24 17:00:01 UTC 2019


Mon Jun 24 18:00:01 UTC 2019


Mon Jun 24 19:00:01 UTC 2019


Mon Jun 24 20:00:01 UTC 2019


Mon Jun 24 21:00:01 UTC 2019


Mon Jun 24 22:00:01 UTC 2019


Mon Jun 24 23:00:01 UTC 2019


Tue Jun 25 00:00:01 UTC 2019


Tue Jun 25 01:00:01 UTC 2019


Tue Jun 25 02:00:01 UTC 2019


Tue Jun 25 03:00:01 UTC 2019


Tue Jun 25 04:00:01 UTC 2019


Tue Jun 25 05:00:02 UTC 2019


Tue Jun 25 06:00:01 UTC 2019


Tue Jun 25 07:00:01 UTC 2019


Tue Jun 25 08:00:01 UTC 2019


Tue Jun 25 09:00:01 UTC 2019


Tue Jun 25 10:00:01 UTC 2019


Tue Jun 25 11:00:01 UTC 2019


Tue Jun 25 12:00:01 UTC 2019


Tue Jun 25 13:00:01 UTC 2019


Tue Jun 25 14:00:01 UTC 2019


Tue Jun 25 15:00:01 UTC 2019


Tue Jun 25 16:00:01 UTC 2019
Ya existe un proceso corriendo

Tue Jun 25 17:00:01 UTC 2019
Ya existe un proceso corriendo

Tue Jun 25 18:00:01 UTC 2019
Ya existe un proceso corriendo

Tue Jun 25 19:00:01 UTC 2019
Ya existe un proceso corriendo

Tue Jun 25 20:00:01 UTC 2019
Ya existe un proceso corriendo

Tue Jun 25 21:00:01 UTC 2019
Ya existe un proceso corriendo

Tue Jun 25 22:00:02 UTC 2019
Ya existe un proceso corriendo

Tue Jun 25 23:00:01 UTC 2019
Ya existe un proceso corriendo

Wed Jun 26 00:00:01 UTC 2019
Ya existe un proceso corriendo

Wed Jun 26 01:00:02 UTC 2019
Ya existe un proceso corriendo

Wed Jun 26 02:00:02 UTC 2019
Ya existe un proceso corriendo

Wed Jun 26 03:00:01 UTC 2019
Ya existe un proceso corriendo

Wed Jun 26 04:00:01 UTC 2019
Ya existe un proceso corriendo

Wed Jun 26 05:00:01 UTC 2019
Ya existe un proceso corriendo

Wed Jun 26 06:00:01 UTC 2019
Ya existe un proceso corriendo

Wed Jun 26 07:00:01 UTC 2019
Ya existe un proceso corriendo

Wed Jun 26 08:00:01 UTC 2019
Ya existe un proceso corriendo

Wed Jun 26 09:00:01 UTC 2019
Ya existe un proceso corriendo

Wed Jun 26 10:00:01 UTC 2019
Ya existe un proceso corriendo

Wed Jun 26 11:00:01 UTC 2019
Ya existe un proceso corriendo

Wed Jun 26 12:00:01 UTC 2019
Ya existe un proceso corriendo

Wed Jun 26 13:00:01 UTC 2019
Ya existe un proceso corriendo

Wed Jun 26 14:00:01 UTC 2019
Ya existe un proceso corriendo

Wed Jun 26 15:00:01 UTC 2019
Ya existe un proceso corriendo

Wed Jun 26 16:00:01 UTC 2019
Ya existe un proceso corriendo

Wed Jun 26 17:00:01 UTC 2019
Ya existe un proceso corriendo

Wed Jun 26 18:00:01 UTC 2019
Ya existe un proceso corriendo

Wed Jun 26 19:00:01 UTC 2019
Ya existe un proceso corriendo

Wed Jun 26 20:00:01 UTC 2019
Ya existe un proceso corriendo

Wed Jun 26 21:00:01 UTC 2019
Ya existe un proceso corriendo

Wed Jun 26 22:00:01 UTC 2019
Ya existe un proceso corriendo

Wed Jun 26 23:00:01 UTC 2019
Ya existe un proceso corriendo

Thu Jun 27 00:00:01 UTC 2019
Ya existe un proceso corriendo

Thu Jun 27 01:00:01 UTC 2019
Ya existe un proceso corriendo

Thu Jun 27 02:00:01 UTC 2019
Ya existe un proceso corriendo

Thu Jun 27 03:00:01 UTC 2019
Ya existe un proceso corriendo

Thu Jun 27 04:00:01 UTC 2019
Ya existe un proceso corriendo

Thu Jun 27 05:00:01 UTC 2019
Ya existe un proceso corriendo

Thu Jun 27 06:00:01 UTC 2019
Ya existe un proceso corriendo

Thu Jun 27 07:00:02 UTC 2019
Ya existe un proceso corriendo

Thu Jun 27 08:00:01 UTC 2019
Ya existe un proceso corriendo

Thu Jun 27 09:00:01 UTC 2019
Ya existe un proceso corriendo

Thu Jun 27 10:00:01 UTC 2019
Ya existe un proceso corriendo

Thu Jun 27 11:00:01 UTC 2019
Ya existe un proceso corriendo

Thu Jun 27 12:00:01 UTC 2019
Ya existe un proceso corriendo

Thu Jun 27 13:00:01 UTC 2019
Ya existe un proceso corriendo

Thu Jun 27 14:00:01 UTC 2019
Ya existe un proceso corriendo

Thu Jun 27 15:00:01 UTC 2019
Ya existe un proceso corriendo

Thu Jun 27 16:00:02 UTC 2019
Ya existe un proceso corriendo

Thu Jun 27 17:00:01 UTC 2019
Ya existe un proceso corriendo

Thu Jun 27 18:00:01 UTC 2019
Ya existe un proceso corriendo

Thu Jun 27 19:00:01 UTC 2019
Ya existe un proceso corriendo

Thu Jun 27 20:00:01 UTC 2019
Ya existe un proceso corriendo

Thu Jun 27 21:00:01 UTC 2019
Ya existe un proceso corriendo

Thu Jun 27 22:00:01 UTC 2019
Ya existe un proceso corriendo

Thu Jun 27 23:00:01 UTC 2019
Ya existe un proceso corriendo

Fri Jun 28 00:00:01 UTC 2019
Ya existe un proceso corriendo

Fri Jun 28 01:00:01 UTC 2019
Ya existe un proceso corriendo

Fri Jun 28 02:00:01 UTC 2019
Ya existe un proceso corriendo

Fri Jun 28 03:00:01 UTC 2019
Ya existe un proceso corriendo

Fri Jun 28 04:00:01 UTC 2019
Ya existe un proceso corriendo

Fri Jun 28 05:00:01 UTC 2019
Ya existe un proceso corriendo

Fri Jun 28 06:00:01 UTC 2019
Ya existe un proceso corriendo

Fri Jun 28 07:00:01 UTC 2019
Ya existe un proceso corriendo

Fri Jun 28 08:00:01 UTC 2019
Ya existe un proceso corriendo

Fri Jun 28 09:00:02 UTC 2019
Ya existe un proceso corriendo

Fri Jun 28 10:00:01 UTC 2019
Ya existe un proceso corriendo

Fri Jun 28 11:00:01 UTC 2019
Ya existe un proceso corriendo

Fri Jun 28 12:00:01 UTC 2019
Ya existe un proceso corriendo

Fri Jun 28 13:00:01 UTC 2019
Ya existe un proceso corriendo

Fri Jun 28 14:00:01 UTC 2019
Ya existe un proceso corriendo

Fri Jun 28 15:00:01 UTC 2019
Ya existe un proceso corriendo

Fri Jun 28 16:00:01 UTC 2019
Ya existe un proceso corriendo

Fri Jun 28 17:00:01 UTC 2019
Ya existe un proceso corriendo

Fri Jun 28 18:00:01 UTC 2019
Ya existe un proceso corriendo

Fri Jun 28 19:00:01 UTC 2019
Ya existe un proceso corriendo

Fri Jun 28 20:00:01 UTC 2019
Ya existe un proceso corriendo

Fri Jun 28 21:00:01 UTC 2019
Ya existe un proceso corriendo

Fri Jun 28 22:00:01 UTC 2019
Ya existe un proceso corriendo

Fri Jun 28 23:00:01 UTC 2019
Ya existe un proceso corriendo

Sat Jun 29 00:00:01 UTC 2019
Ya existe un proceso corriendo

Sat Jun 29 01:00:01 UTC 2019
Ya existe un proceso corriendo

Sat Jun 29 02:00:01 UTC 2019
Ya existe un proceso corriendo

Sat Jun 29 03:00:01 UTC 2019
Ya existe un proceso corriendo

Sat Jun 29 04:00:01 UTC 2019
Ya existe un proceso corriendo

Sat Jun 29 05:00:01 UTC 2019
Ya existe un proceso corriendo

Sat Jun 29 06:00:01 UTC 2019
Ya existe un proceso corriendo

Sat Jun 29 07:00:01 UTC 2019
Ya existe un proceso corriendo

Sat Jun 29 08:00:02 UTC 2019
Ya existe un proceso corriendo

Sat Jun 29 09:00:01 UTC 2019
Ya existe un proceso corriendo

Sat Jun 29 10:00:02 UTC 2019
Ya existe un proceso corriendo

Sat Jun 29 11:00:01 UTC 2019
Ya existe un proceso corriendo

Sat Jun 29 12:00:01 UTC 2019
Ya existe un proceso corriendo

Sat Jun 29 13:00:01 UTC 2019
Ya existe un proceso corriendo

Sat Jun 29 14:00:01 UTC 2019
Ya existe un proceso corriendo

Sat Jun 29 15:00:01 UTC 2019
Ya existe un proceso corriendo

Sat Jun 29 16:00:01 UTC 2019
Ya existe un proceso corriendo

Sat Jun 29 17:00:01 UTC 2019
Ya existe un proceso corriendo

Sat Jun 29 18:00:01 UTC 2019
Ya existe un proceso corriendo

Sat Jun 29 19:00:01 UTC 2019
Ya existe un proceso corriendo

Sat Jun 29 20:00:01 UTC 2019
Ya existe un proceso corriendo

Sat Jun 29 21:00:01 UTC 2019
Ya existe un proceso corriendo

Sat Jun 29 22:00:01 UTC 2019
Ya existe un proceso corriendo

Sat Jun 29 23:00:01 UTC 2019
Ya existe un proceso corriendo

Sun Jun 30 00:00:01 UTC 2019
Ya existe un proceso corriendo

Sun Jun 30 01:00:01 UTC 2019
Ya existe un proceso corriendo

Sun Jun 30 02:00:01 UTC 2019
Ya existe un proceso corriendo

Sun Jun 30 03:00:01 UTC 2019
Ya existe un proceso corriendo

Sun Jun 30 04:00:01 UTC 2019
Ya existe un proceso corriendo

Sun Jun 30 05:00:01 UTC 2019
Ya existe un proceso corriendo

Sun Jun 30 06:00:01 UTC 2019
Ya existe un proceso corriendo

Sun Jun 30 07:00:01 UTC 2019
Ya existe un proceso corriendo

Sun Jun 30 08:00:01 UTC 2019
Ya existe un proceso corriendo

Sun Jun 30 09:00:02 UTC 2019
Ya existe un proceso corriendo

Sun Jun 30 10:00:01 UTC 2019
Ya existe un proceso corriendo

Sun Jun 30 11:00:01 UTC 2019
Ya existe un proceso corriendo

Sun Jun 30 12:00:01 UTC 2019
Ya existe un proceso corriendo

Sun Jun 30 13:00:01 UTC 2019
Ya existe un proceso corriendo

Sun Jun 30 14:00:01 UTC 2019
Ya existe un proceso corriendo

Sun Jun 30 15:00:01 UTC 2019
Ya existe un proceso corriendo

Sun Jun 30 16:00:01 UTC 2019
Ya existe un proceso corriendo

Sun Jun 30 17:00:01 UTC 2019
Ya existe un proceso corriendo

Sun Jun 30 18:00:01 UTC 2019
Ya existe un proceso corriendo

Sun Jun 30 19:00:01 UTC 2019
Ya existe un proceso corriendo

Sun Jun 30 20:00:01 UTC 2019
Ya existe un proceso corriendo

Sun Jun 30 21:00:01 UTC 2019
Ya existe un proceso corriendo

Sun Jun 30 22:00:01 UTC 2019
Ya existe un proceso corriendo

Sun Jun 30 23:00:01 UTC 2019
Ya existe un proceso corriendo

Mon Jul  1 00:00:01 UTC 2019
Ya existe un proceso corriendo

Mon Jul  1 01:00:01 UTC 2019
Ya existe un proceso corriendo

Mon Jul  1 02:00:01 UTC 2019
Ya existe un proceso corriendo

Mon Jul  1 03:00:01 UTC 2019
Ya existe un proceso corriendo

Mon Jul  1 04:00:01 UTC 2019
Ya existe un proceso corriendo

Mon Jul  1 05:00:01 UTC 2019
Ya existe un proceso corriendo

Mon Jul  1 06:00:01 UTC 2019
Ya existe un proceso corriendo

Mon Jul  1 07:00:01 UTC 2019
Ya existe un proceso corriendo

Mon Jul  1 08:00:01 UTC 2019
Ya existe un proceso corriendo

Mon Jul  1 09:00:01 UTC 2019
Ya existe un proceso corriendo

Mon Jul  1 10:00:01 UTC 2019
Ya existe un proceso corriendo

Mon Jul  1 11:00:01 UTC 2019
Ya existe un proceso corriendo

Mon Jul  1 12:00:01 UTC 2019
Ya existe un proceso corriendo

Mon Jul  1 13:00:01 UTC 2019
Ya existe un proceso corriendo

Mon Jul  1 14:00:01 UTC 2019
Ya existe un proceso corriendo

Mon Jul  1 15:00:01 UTC 2019
Ya existe un proceso corriendo

Mon Jul  1 16:00:01 UTC 2019
Ya existe un proceso corriendo

Mon Jul  1 17:00:01 UTC 2019
Ya existe un proceso corriendo

Mon Jul  1 18:00:01 UTC 2019
Ya existe un proceso corriendo

Mon Jul  1 19:00:01 UTC 2019
Ya existe un proceso corriendo

Mon Jul  1 20:00:01 UTC 2019
Ya existe un proceso corriendo

Mon Jul  1 21:00:01 UTC 2019
Ya existe un proceso corriendo

Mon Jul  1 22:00:01 UTC 2019
Ya existe un proceso corriendo

Mon Jul  1 23:00:01 UTC 2019
Ya existe un proceso corriendo

Tue Jul  2 00:00:01 UTC 2019
Ya existe un proceso corriendo

Tue Jul  2 01:00:01 UTC 2019
Ya existe un proceso corriendo

Tue Jul  2 02:00:01 UTC 2019
Ya existe un proceso corriendo

Tue Jul  2 03:00:01 UTC 2019
Ya existe un proceso corriendo

Tue Jul  2 04:00:01 UTC 2019
Ya existe un proceso corriendo

Tue Jul  2 05:00:01 UTC 2019
Ya existe un proceso corriendo

Tue Jul  2 06:00:01 UTC 2019
Ya existe un proceso corriendo

Tue Jul  2 07:00:01 UTC 2019
Ya existe un proceso corriendo

Tue Jul  2 08:00:01 UTC 2019
Ya existe un proceso corriendo

Tue Jul  2 09:00:01 UTC 2019
Ya existe un proceso corriendo

Tue Jul  2 10:00:01 UTC 2019
Ya existe un proceso corriendo

Tue Jul  2 11:00:01 UTC 2019
Ya existe un proceso corriendo

Tue Jul  2 12:00:01 UTC 2019
Ya existe un proceso corriendo

Tue Jul  2 13:00:01 UTC 2019
Ya existe un proceso corriendo

Tue Jul  2 14:00:01 UTC 2019
Ya existe un proceso corriendo

Tue Jul  2 15:00:02 UTC 2019
Ya existe un proceso corriendo

Tue Jul  2 16:00:02 UTC 2019
Ya existe un proceso corriendo

Tue Jul  2 17:00:01 UTC 2019


Tue Jul  2 18:00:01 UTC 2019


Tue Jul  2 19:00:02 UTC 2019


Tue Jul  2 20:00:01 UTC 2019


Tue Jul  2 21:00:01 UTC 2019
No se recibio respuesta de la tienda


Tue Jul  2 22:00:01 UTC 2019
No se recibio respuesta de la tienda


Tue Jul  2 23:00:01 UTC 2019
No se recibio respuesta de la tienda


Wed Jul  3 00:00:01 UTC 2019
No se recibio respuesta de la tienda


Wed Jul  3 01:00:02 UTC 2019
No se recibio respuesta de la tienda


Wed Jul  3 02:00:01 UTC 2019
No se recibio respuesta de la tienda


Wed Jul  3 03:00:02 UTC 2019
No se recibio respuesta de la tienda


Wed Jul  3 04:00:01 UTC 2019
No se recibio respuesta de la tienda


Wed Jul  3 05:00:01 UTC 2019
No se recibio respuesta de la tienda


Wed Jul  3 06:00:01 UTC 2019
No se recibio respuesta de la tienda


Wed Jul  3 07:00:01 UTC 2019
No se recibio respuesta de la tienda


Wed Jul  3 08:00:01 UTC 2019
No se recibio respuesta de la tienda


Wed Jul  3 09:00:01 UTC 2019
No se recibio respuesta de la tienda


Wed Jul  3 10:00:01 UTC 2019
No se recibio respuesta de la tienda


Wed Jul  3 11:00:02 UTC 2019
No se recibio respuesta de la tienda


Wed Jul  3 12:00:01 UTC 2019
No se recibio respuesta de la tienda


Wed Jul  3 13:00:01 UTC 2019
No se recibio respuesta de la tienda


Wed Jul  3 14:00:01 UTC 2019
No se recibio respuesta de la tienda


Wed Jul  3 15:00:01 UTC 2019
No se recibio respuesta de la tienda


Wed Jul  3 16:00:01 UTC 2019
No se recibio respuesta de la tienda


Wed Jul  3 17:00:01 UTC 2019
No se recibio respuesta de la tienda


Wed Jul  3 18:00:01 UTC 2019
No se recibio respuesta de la tienda


Wed Jul  3 19:00:01 UTC 2019
No se recibio respuesta de la tienda


Wed Jul  3 20:00:01 UTC 2019
No se recibio respuesta de la tienda


Wed Jul  3 21:00:01 UTC 2019
No se recibio respuesta de la tienda


Wed Jul  3 22:00:01 UTC 2019
No se recibio respuesta de la tienda


Wed Jul  3 23:00:01 UTC 2019
No se recibio respuesta de la tienda


Thu Jul  4 00:00:01 UTC 2019
No se recibio respuesta de la tienda


Thu Jul  4 01:00:01 UTC 2019
No se recibio respuesta de la tienda


Thu Jul  4 02:00:01 UTC 2019
No se recibio respuesta de la tienda


Thu Jul  4 03:00:01 UTC 2019
No se recibio respuesta de la tienda


Thu Jul  4 04:00:01 UTC 2019
No se recibio respuesta de la tienda


Thu Jul  4 05:00:01 UTC 2019
No se recibio respuesta de la tienda


Thu Jul  4 06:00:01 UTC 2019
No se recibio respuesta de la tienda


Thu Jul  4 07:00:01 UTC 2019
No se recibio respuesta de la tienda


Thu Jul  4 08:00:01 UTC 2019
No se recibio respuesta de la tienda


Thu Jul  4 09:00:01 UTC 2019
No se recibio respuesta de la tienda


Thu Jul  4 10:00:01 UTC 2019
No se recibio respuesta de la tienda


Thu Jul  4 11:00:01 UTC 2019
No se recibio respuesta de la tienda


Thu Jul  4 12:00:01 UTC 2019
No se recibio respuesta de la tienda


Thu Jul  4 13:00:01 UTC 2019
No se recibio respuesta de la tienda


Thu Jul  4 14:00:01 UTC 2019
No se recibio respuesta de la tienda


Thu Jul  4 15:00:01 UTC 2019
No se recibio respuesta de la tienda


Thu Jul  4 16:00:01 UTC 2019
No se recibio respuesta de la tienda


Thu Jul  4 17:00:01 UTC 2019
No se recibio respuesta de la tienda


Thu Jul  4 18:00:01 UTC 2019
No se recibio respuesta de la tienda


Thu Jul  4 19:00:01 UTC 2019
No se recibio respuesta de la tienda


Thu Jul  4 20:00:02 UTC 2019
No se recibio respuesta de la tienda


Thu Jul  4 21:00:01 UTC 2019
No se recibio respuesta de la tienda


Thu Jul  4 22:00:01 UTC 2019
No se recibio respuesta de la tienda


Thu Jul  4 23:00:01 UTC 2019
No se recibio respuesta de la tienda


Fri Jul  5 00:00:01 UTC 2019
No se recibio respuesta de la tienda


Fri Jul  5 01:00:01 UTC 2019
No se recibio respuesta de la tienda


Fri Jul  5 02:00:01 UTC 2019
No se recibio respuesta de la tienda


Fri Jul  5 03:00:02 UTC 2019
No se recibio respuesta de la tienda


Fri Jul  5 04:00:01 UTC 2019
No se recibio respuesta de la tienda


Fri Jul  5 05:00:01 UTC 2019
No se recibio respuesta de la tienda


Fri Jul  5 06:00:01 UTC 2019
No se recibio respuesta de la tienda


Fri Jul  5 07:00:01 UTC 2019
No se recibio respuesta de la tienda


Fri Jul  5 08:00:01 UTC 2019
No se recibio respuesta de la tienda


Fri Jul  5 09:00:01 UTC 2019
No se recibio respuesta de la tienda


Fri Jul  5 10:00:01 UTC 2019
No se recibio respuesta de la tienda


Fri Jul  5 11:00:01 UTC 2019
No se recibio respuesta de la tienda


Fri Jul  5 12:00:01 UTC 2019
No se recibio respuesta de la tienda


Fri Jul  5 13:00:01 UTC 2019
No se recibio respuesta de la tienda


Fri Jul  5 14:00:01 UTC 2019
No se recibio respuesta de la tienda


Fri Jul  5 15:00:01 UTC 2019
No se recibio respuesta de la tienda


Fri Jul  5 16:00:01 UTC 2019
No se recibio respuesta de la tienda


Fri Jul  5 17:00:01 UTC 2019
No se recibio respuesta de la tienda


Fri Jul  5 18:00:01 UTC 2019
No se recibio respuesta de la tienda


Fri Jul  5 19:00:01 UTC 2019
No se recibio respuesta de la tienda


Fri Jul  5 20:00:01 UTC 2019
No se recibio respuesta de la tienda


Fri Jul  5 21:00:01 UTC 2019
No se recibio respuesta de la tienda


Fri Jul  5 22:00:01 UTC 2019
No se recibio respuesta de la tienda


Fri Jul  5 23:00:01 UTC 2019
No se recibio respuesta de la tienda


Sat Jul  6 00:00:02 UTC 2019
No se recibio respuesta de la tienda


Sat Jul  6 01:00:01 UTC 2019
No se recibio respuesta de la tienda


Sat Jul  6 02:00:01 UTC 2019
No se recibio respuesta de la tienda


Sat Jul  6 03:00:01 UTC 2019
No se recibio respuesta de la tienda


Sat Jul  6 04:00:01 UTC 2019
No se recibio respuesta de la tienda


Sat Jul  6 05:00:01 UTC 2019
No se recibio respuesta de la tienda


Sat Jul  6 06:00:01 UTC 2019
No se recibio respuesta de la tienda


Sat Jul  6 07:00:01 UTC 2019
No se recibio respuesta de la tienda


Sat Jul  6 08:00:01 UTC 2019
No se recibio respuesta de la tienda


Sat Jul  6 09:00:01 UTC 2019
No se recibio respuesta de la tienda


Sat Jul  6 10:00:01 UTC 2019
No se recibio respuesta de la tienda


Sat Jul  6 11:00:01 UTC 2019
No se recibio respuesta de la tienda


Sat Jul  6 12:00:01 UTC 2019
No se recibio respuesta de la tienda


Sat Jul  6 13:00:01 UTC 2019
No se recibio respuesta de la tienda


Sat Jul  6 14:00:01 UTC 2019
No se recibio respuesta de la tienda


Sat Jul  6 15:00:01 UTC 2019
No se recibio respuesta de la tienda


Sat Jul  6 16:00:01 UTC 2019
No se recibio respuesta de la tienda


Sat Jul  6 17:00:01 UTC 2019
No se recibio respuesta de la tienda


Sat Jul  6 18:00:01 UTC 2019
No se recibio respuesta de la tienda


Sat Jul  6 19:00:01 UTC 2019
No se recibio respuesta de la tienda


Sat Jul  6 20:00:01 UTC 2019
No se recibio respuesta de la tienda


Sat Jul  6 21:00:01 UTC 2019
No se recibio respuesta de la tienda


Sat Jul  6 22:00:02 UTC 2019
No se recibio respuesta de la tienda


Sat Jul  6 23:00:01 UTC 2019
No se recibio respuesta de la tienda


Sun Jul  7 00:00:01 UTC 2019
No se recibio respuesta de la tienda


Sun Jul  7 01:00:01 UTC 2019
No se recibio respuesta de la tienda


Sun Jul  7 02:00:01 UTC 2019
No se recibio respuesta de la tienda


Sun Jul  7 03:00:01 UTC 2019
No se recibio respuesta de la tienda


Sun Jul  7 04:00:01 UTC 2019
No se recibio respuesta de la tienda


Sun Jul  7 05:00:01 UTC 2019
No se recibio respuesta de la tienda


Sun Jul  7 06:00:01 UTC 2019
No se recibio respuesta de la tienda


Sun Jul  7 07:00:01 UTC 2019
No se recibio respuesta de la tienda


Sun Jul  7 08:00:01 UTC 2019
No se recibio respuesta de la tienda


Sun Jul  7 09:00:01 UTC 2019
No se recibio respuesta de la tienda


Sun Jul  7 10:00:01 UTC 2019
No se recibio respuesta de la tienda


Sun Jul  7 11:00:01 UTC 2019
No se recibio respuesta de la tienda


Sun Jul  7 12:00:01 UTC 2019
No se recibio respuesta de la tienda


Sun Jul  7 13:00:01 UTC 2019
No se recibio respuesta de la tienda


Sun Jul  7 14:00:01 UTC 2019
No se recibio respuesta de la tienda


Sun Jul  7 15:00:01 UTC 2019
No se recibio respuesta de la tienda


Sun Jul  7 16:00:01 UTC 2019
No se recibio respuesta de la tienda


Sun Jul  7 17:00:01 UTC 2019
No se recibio respuesta de la tienda


Sun Jul  7 18:00:01 UTC 2019
No se recibio respuesta de la tienda


Sun Jul  7 19:00:01 UTC 2019
No se recibio respuesta de la tienda


Sun Jul  7 20:00:01 UTC 2019
No se recibio respuesta de la tienda


Sun Jul  7 21:00:01 UTC 2019
No se recibio respuesta de la tienda


Sun Jul  7 22:00:01 UTC 2019
No se recibio respuesta de la tienda


Sun Jul  7 23:00:01 UTC 2019
No se recibio respuesta de la tienda


Mon Jul  8 00:00:01 UTC 2019
No se recibio respuesta de la tienda


Mon Jul  8 01:00:01 UTC 2019
No se recibio respuesta de la tienda


Mon Jul  8 02:00:01 UTC 2019
No se recibio respuesta de la tienda


Mon Jul  8 03:00:01 UTC 2019
No se recibio respuesta de la tienda


Mon Jul  8 04:00:01 UTC 2019
No se recibio respuesta de la tienda


Mon Jul  8 05:00:01 UTC 2019
No se recibio respuesta de la tienda


Mon Jul  8 06:00:01 UTC 2019
No se recibio respuesta de la tienda


Mon Jul  8 07:00:01 UTC 2019
No se recibio respuesta de la tienda


Mon Jul  8 08:00:01 UTC 2019
No se recibio respuesta de la tienda


Mon Jul  8 09:00:01 UTC 2019
No se recibio respuesta de la tienda


Mon Jul  8 10:00:01 UTC 2019
No se recibio respuesta de la tienda


Mon Jul  8 11:00:01 UTC 2019
No se recibio respuesta de la tienda


Mon Jul  8 12:00:01 UTC 2019
No se recibio respuesta de la tienda


Mon Jul  8 13:00:01 UTC 2019
No se recibio respuesta de la tienda


Mon Jul  8 14:00:01 UTC 2019
No se recibio respuesta de la tienda


Mon Jul  8 15:00:01 UTC 2019
No se recibio respuesta de la tienda


Mon Jul  8 16:00:01 UTC 2019
No se recibio respuesta de la tienda


Mon Jul  8 17:00:01 UTC 2019
No se recibio respuesta de la tienda


Mon Jul  8 18:00:01 UTC 2019
No se recibio respuesta de la tienda


Mon Jul  8 19:00:01 UTC 2019
No se recibio respuesta de la tienda


Mon Jul  8 20:00:01 UTC 2019
No se recibio respuesta de la tienda


Mon Jul  8 21:00:01 UTC 2019
No se recibio respuesta de la tienda


Mon Jul  8 22:00:01 UTC 2019
No se recibio respuesta de la tienda


Mon Jul  8 23:00:01 UTC 2019
No se recibio respuesta de la tienda


Tue Jul  9 00:00:01 UTC 2019
No se recibio respuesta de la tienda


Tue Jul  9 01:00:01 UTC 2019
No se recibio respuesta de la tienda


Tue Jul  9 02:00:01 UTC 2019
No se recibio respuesta de la tienda


Tue Jul  9 03:00:01 UTC 2019
No se recibio respuesta de la tienda


Tue Jul  9 04:00:01 UTC 2019
No se recibio respuesta de la tienda


Tue Jul  9 05:00:01 UTC 2019
No se recibio respuesta de la tienda


Tue Jul  9 06:00:01 UTC 2019
No se recibio respuesta de la tienda


Tue Jul  9 07:00:01 UTC 2019
No se recibio respuesta de la tienda


Tue Jul  9 08:00:01 UTC 2019
No se recibio respuesta de la tienda


Tue Jul  9 09:00:01 UTC 2019
No se recibio respuesta de la tienda


Tue Jul  9 10:00:01 UTC 2019
No se recibio respuesta de la tienda


Tue Jul  9 11:00:01 UTC 2019
No se recibio respuesta de la tienda


Tue Jul  9 12:00:01 UTC 2019
No se recibio respuesta de la tienda


Tue Jul  9 13:00:01 UTC 2019
No se recibio respuesta de la tienda


Tue Jul  9 14:00:02 UTC 2019
No se recibio respuesta de la tienda


Tue Jul  9 15:00:01 UTC 2019
No se recibio respuesta de la tienda


Tue Jul  9 16:00:01 UTC 2019
No se recibio respuesta de la tienda


Tue Jul  9 17:00:01 UTC 2019
No se recibio respuesta de la tienda


Tue Jul  9 18:00:01 UTC 2019
No se recibio respuesta de la tienda


Tue Jul  9 19:00:01 UTC 2019
No se recibio respuesta de la tienda


Tue Jul  9 20:00:01 UTC 2019
No se recibio respuesta de la tienda


Tue Jul  9 21:00:01 UTC 2019
No se recibio respuesta de la tienda


Tue Jul  9 22:00:01 UTC 2019
No se recibio respuesta de la tienda


Tue Jul  9 23:00:01 UTC 2019
No se recibio respuesta de la tienda


Wed Jul 10 00:00:01 UTC 2019
No se recibio respuesta de la tienda


Wed Jul 10 01:00:01 UTC 2019
No se recibio respuesta de la tienda


Wed Jul 10 02:00:01 UTC 2019
No se recibio respuesta de la tienda


Wed Jul 10 03:00:01 UTC 2019
No se recibio respuesta de la tienda


Wed Jul 10 04:00:01 UTC 2019
No se recibio respuesta de la tienda


Wed Jul 10 05:00:01 UTC 2019
No se recibio respuesta de la tienda


Wed Jul 10 06:00:01 UTC 2019
No se recibio respuesta de la tienda


Wed Jul 10 07:00:02 UTC 2019
No se recibio respuesta de la tienda


Wed Jul 10 08:00:01 UTC 2019
No se recibio respuesta de la tienda


Wed Jul 10 09:00:01 UTC 2019
No se recibio respuesta de la tienda


Wed Jul 10 10:00:01 UTC 2019
No se recibio respuesta de la tienda


Wed Jul 10 11:00:01 UTC 2019
No se recibio respuesta de la tienda


Wed Jul 10 12:00:01 UTC 2019
No se recibio respuesta de la tienda


Wed Jul 10 13:00:01 UTC 2019
No se recibio respuesta de la tienda


Wed Jul 10 14:00:01 UTC 2019
No se recibio respuesta de la tienda


Wed Jul 10 15:00:01 UTC 2019
No se recibio respuesta de la tienda


Wed Jul 10 16:00:02 UTC 2019
No se recibio respuesta de la tienda


Wed Jul 10 17:00:01 UTC 2019
No se recibio respuesta de la tienda


Wed Jul 10 18:00:01 UTC 2019
No se recibio respuesta de la tienda


Wed Jul 10 19:00:01 UTC 2019
No se recibio respuesta de la tienda


Wed Jul 10 20:00:01 UTC 2019
No se recibio respuesta de la tienda


Wed Jul 10 21:00:01 UTC 2019
No se recibio respuesta de la tienda


Wed Jul 10 22:00:01 UTC 2019
No se recibio respuesta de la tienda


Wed Jul 10 23:00:01 UTC 2019
No se recibio respuesta de la tienda


Thu Jul 11 00:00:01 UTC 2019
No se recibio respuesta de la tienda


Thu Jul 11 01:00:01 UTC 2019
No se recibio respuesta de la tienda


Thu Jul 11 02:00:01 UTC 2019
No se recibio respuesta de la tienda


Thu Jul 11 03:00:01 UTC 2019
No se recibio respuesta de la tienda


Thu Jul 11 04:00:01 UTC 2019
No se recibio respuesta de la tienda


Thu Jul 11 05:00:01 UTC 2019
No se recibio respuesta de la tienda


Thu Jul 11 06:00:01 UTC 2019
No se recibio respuesta de la tienda


Thu Jul 11 07:00:01 UTC 2019
No se recibio respuesta de la tienda


Thu Jul 11 08:00:01 UTC 2019
No se recibio respuesta de la tienda


Thu Jul 11 09:00:01 UTC 2019
No se recibio respuesta de la tienda


Thu Jul 11 10:00:01 UTC 2019
No se recibio respuesta de la tienda


Thu Jul 11 11:00:01 UTC 2019
No se recibio respuesta de la tienda


Thu Jul 11 12:00:01 UTC 2019
No se recibio respuesta de la tienda


Thu Jul 11 13:00:01 UTC 2019
No se recibio respuesta de la tienda


Thu Jul 11 14:00:01 UTC 2019
No se recibio respuesta de la tienda


Thu Jul 11 15:00:01 UTC 2019
No se recibio respuesta de la tienda


Thu Jul 11 16:00:01 UTC 2019
No se recibio respuesta de la tienda


Thu Jul 11 17:00:01 UTC 2019
No se recibio respuesta de la tienda


Thu Jul 11 18:00:01 UTC 2019
No se recibio respuesta de la tienda


Thu Jul 11 19:00:01 UTC 2019
No se recibio respuesta de la tienda


Thu Jul 11 20:00:01 UTC 2019
No se recibio respuesta de la tienda


Thu Jul 11 21:00:01 UTC 2019
No se recibio respuesta de la tienda


Thu Jul 11 22:00:01 UTC 2019
No se recibio respuesta de la tienda


Thu Jul 11 23:00:01 UTC 2019
No se recibio respuesta de la tienda


Fri Jul 12 00:00:01 UTC 2019
No se recibio respuesta de la tienda


Fri Jul 12 01:00:01 UTC 2019
No se recibio respuesta de la tienda


Fri Jul 12 02:00:01 UTC 2019
No se recibio respuesta de la tienda


Fri Jul 12 03:00:01 UTC 2019
No se recibio respuesta de la tienda


Fri Jul 12 04:00:01 UTC 2019
No se recibio respuesta de la tienda


Fri Jul 12 05:00:01 UTC 2019
No se recibio respuesta de la tienda


Fri Jul 12 06:00:01 UTC 2019
No se recibio respuesta de la tienda


Fri Jul 12 07:00:01 UTC 2019
No se recibio respuesta de la tienda


Fri Jul 12 08:00:01 UTC 2019
No se recibio respuesta de la tienda


Fri Jul 12 09:00:01 UTC 2019
No se recibio respuesta de la tienda


Fri Jul 12 10:00:01 UTC 2019
No se recibio respuesta de la tienda


Fri Jul 12 11:00:01 UTC 2019
No se recibio respuesta de la tienda


Fri Jul 12 12:00:01 UTC 2019
No se recibio respuesta de la tienda


Fri Jul 12 13:00:01 UTC 2019
No se recibio respuesta de la tienda


Fri Jul 12 14:00:01 UTC 2019
No se recibio respuesta de la tienda


Fri Jul 12 15:00:01 UTC 2019
No se recibio respuesta de la tienda


Fri Jul 12 16:00:01 UTC 2019
No se recibio respuesta de la tienda


Fri Jul 12 17:00:01 UTC 2019
No se recibio respuesta de la tienda


Fri Jul 12 18:00:01 UTC 2019
No se recibio respuesta de la tienda


Fri Jul 12 19:00:01 UTC 2019
No se recibio respuesta de la tienda


Fri Jul 12 20:00:01 UTC 2019
No se recibio respuesta de la tienda


Fri Jul 12 21:00:01 UTC 2019
No se recibio respuesta de la tienda


Fri Jul 12 22:00:01 UTC 2019
No se recibio respuesta de la tienda


Fri Jul 12 23:00:01 UTC 2019
No se recibio respuesta de la tienda


Sat Jul 13 00:00:01 UTC 2019
No se recibio respuesta de la tienda


Sat Jul 13 01:00:01 UTC 2019
No se recibio respuesta de la tienda


Sat Jul 13 02:00:01 UTC 2019
No se recibio respuesta de la tienda


Sat Jul 13 03:00:01 UTC 2019
No se recibio respuesta de la tienda


Sat Jul 13 04:00:01 UTC 2019
No se recibio respuesta de la tienda


Sat Jul 13 05:00:01 UTC 2019
No se recibio respuesta de la tienda


Sat Jul 13 06:00:01 UTC 2019
No se recibio respuesta de la tienda


Sat Jul 13 07:00:01 UTC 2019
No se recibio respuesta de la tienda


Sat Jul 13 08:00:01 UTC 2019
No se recibio respuesta de la tienda


Sat Jul 13 09:00:01 UTC 2019
No se recibio respuesta de la tienda


Sat Jul 13 10:00:01 UTC 2019
No se recibio respuesta de la tienda


Sat Jul 13 11:00:01 UTC 2019
No se recibio respuesta de la tienda


Sat Jul 13 12:00:01 UTC 2019
No se recibio respuesta de la tienda


Sat Jul 13 13:00:01 UTC 2019
No se recibio respuesta de la tienda


Sat Jul 13 14:00:01 UTC 2019
No se recibio respuesta de la tienda


Sat Jul 13 15:00:02 UTC 2019
No se recibio respuesta de la tienda


Sat Jul 13 16:00:01 UTC 2019
No se recibio respuesta de la tienda


Sat Jul 13 17:00:01 UTC 2019
No se recibio respuesta de la tienda


Sat Jul 13 18:00:01 UTC 2019
No se recibio respuesta de la tienda


Sat Jul 13 19:00:01 UTC 2019
No se recibio respuesta de la tienda


Sat Jul 13 20:00:01 UTC 2019
No se recibio respuesta de la tienda


Sat Jul 13 21:00:01 UTC 2019
No se recibio respuesta de la tienda


Sat Jul 13 22:00:01 UTC 2019
No se recibio respuesta de la tienda


Sat Jul 13 23:00:01 UTC 2019
No se recibio respuesta de la tienda


Sun Jul 14 00:00:01 UTC 2019
No se recibio respuesta de la tienda


Sun Jul 14 01:00:01 UTC 2019
No se recibio respuesta de la tienda


Sun Jul 14 02:00:01 UTC 2019
No se recibio respuesta de la tienda


Sun Jul 14 03:00:01 UTC 2019
No se recibio respuesta de la tienda


Sun Jul 14 04:00:01 UTC 2019
No se recibio respuesta de la tienda


Sun Jul 14 05:00:01 UTC 2019
No se recibio respuesta de la tienda


Sun Jul 14 06:00:01 UTC 2019
No se recibio respuesta de la tienda


Sun Jul 14 07:00:01 UTC 2019
No se recibio respuesta de la tienda


Sun Jul 14 08:00:01 UTC 2019
No se recibio respuesta de la tienda


Sun Jul 14 09:00:01 UTC 2019
No se recibio respuesta de la tienda


Sun Jul 14 10:00:01 UTC 2019
No se recibio respuesta de la tienda


Sun Jul 14 11:00:01 UTC 2019
No se recibio respuesta de la tienda


Sun Jul 14 12:00:01 UTC 2019
No se recibio respuesta de la tienda


Sun Jul 14 13:00:01 UTC 2019
No se recibio respuesta de la tienda


Sun Jul 14 14:00:01 UTC 2019
No se recibio respuesta de la tienda


Sun Jul 14 15:00:01 UTC 2019
No se recibio respuesta de la tienda


Sun Jul 14 16:00:01 UTC 2019
No se recibio respuesta de la tienda


Sun Jul 14 17:00:01 UTC 2019
No se recibio respuesta de la tienda


Sun Jul 14 18:00:01 UTC 2019
No se recibio respuesta de la tienda


Sun Jul 14 19:00:01 UTC 2019
No se recibio respuesta de la tienda


Sun Jul 14 20:00:01 UTC 2019
No se recibio respuesta de la tienda


Sun Jul 14 21:00:01 UTC 2019
No se recibio respuesta de la tienda


Sun Jul 14 22:00:01 UTC 2019
No se recibio respuesta de la tienda


Sun Jul 14 23:00:01 UTC 2019
No se recibio respuesta de la tienda


Mon Jul 15 00:00:01 UTC 2019
No se recibio respuesta de la tienda


Mon Jul 15 01:00:01 UTC 2019
No se recibio respuesta de la tienda


Mon Jul 15 02:00:01 UTC 2019
No se recibio respuesta de la tienda


Mon Jul 15 03:00:01 UTC 2019
No se recibio respuesta de la tienda


Mon Jul 15 04:00:01 UTC 2019
No se recibio respuesta de la tienda


Mon Jul 15 05:00:01 UTC 2019
No se recibio respuesta de la tienda


Mon Jul 15 06:00:01 UTC 2019
No se recibio respuesta de la tienda


Mon Jul 15 07:00:01 UTC 2019
No se recibio respuesta de la tienda


Mon Jul 15 08:00:01 UTC 2019
No se recibio respuesta de la tienda


Mon Jul 15 09:00:01 UTC 2019
No se recibio respuesta de la tienda


Mon Jul 15 10:00:01 UTC 2019
No se recibio respuesta de la tienda


Mon Jul 15 11:00:01 UTC 2019
No se recibio respuesta de la tienda


Mon Jul 15 12:00:01 UTC 2019
No se recibio respuesta de la tienda


Mon Jul 15 13:00:01 UTC 2019
No se recibio respuesta de la tienda


Mon Jul 15 14:00:01 UTC 2019
No se recibio respuesta de la tienda


Mon Jul 15 15:00:01 UTC 2019
No se recibio respuesta de la tienda


Mon Jul 15 16:00:01 UTC 2019
No se recibio respuesta de la tienda


Mon Jul 15 17:00:01 UTC 2019
No se recibio respuesta de la tienda


Mon Jul 15 18:00:01 UTC 2019
No se recibio respuesta de la tienda


Mon Jul 15 19:00:01 UTC 2019
No se recibio respuesta de la tienda


Mon Jul 15 20:00:01 UTC 2019
No se recibio respuesta de la tienda


Mon Jul 15 21:00:01 UTC 2019
No se recibio respuesta de la tienda


Mon Jul 15 22:00:01 UTC 2019
No se recibio respuesta de la tienda


Mon Jul 15 23:00:01 UTC 2019
No se recibio respuesta de la tienda


Tue Jul 16 00:00:01 UTC 2019
No se recibio respuesta de la tienda


Tue Jul 16 01:00:01 UTC 2019
No se recibio respuesta de la tienda


Tue Jul 16 02:00:01 UTC 2019
No se recibio respuesta de la tienda


Tue Jul 16 03:00:01 UTC 2019
No se recibio respuesta de la tienda


Tue Jul 16 04:00:01 UTC 2019
No se recibio respuesta de la tienda


Tue Jul 16 05:00:01 UTC 2019
No se recibio respuesta de la tienda


Tue Jul 16 06:00:01 UTC 2019
No se recibio respuesta de la tienda


Tue Jul 16 07:00:01 UTC 2019
No se recibio respuesta de la tienda


Tue Jul 16 08:00:01 UTC 2019
No se recibio respuesta de la tienda


Tue Jul 16 09:00:01 UTC 2019
No se recibio respuesta de la tienda


Tue Jul 16 10:00:01 UTC 2019
No se recibio respuesta de la tienda


Tue Jul 16 11:00:01 UTC 2019
No se recibio respuesta de la tienda


Tue Jul 16 12:00:01 UTC 2019
No se recibio respuesta de la tienda


Tue Jul 16 13:00:01 UTC 2019
No se recibio respuesta de la tienda


Tue Jul 16 14:00:01 UTC 2019
No se recibio respuesta de la tienda


Tue Jul 16 15:00:01 UTC 2019
No se recibio respuesta de la tienda


Tue Jul 16 16:00:01 UTC 2019
No se recibio respuesta de la tienda


Tue Jul 16 17:00:01 UTC 2019
No se recibio respuesta de la tienda


Tue Jul 16 18:00:01 UTC 2019
No se recibio respuesta de la tienda


Tue Jul 16 19:00:01 UTC 2019
No se recibio respuesta de la tienda


Tue Jul 16 20:00:01 UTC 2019
No se recibio respuesta de la tienda


Tue Jul 16 21:00:01 UTC 2019
No se recibio respuesta de la tienda


Tue Jul 16 22:00:01 UTC 2019
No se recibio respuesta de la tienda


Tue Jul 16 23:00:01 UTC 2019
No se recibio respuesta de la tienda


Wed Jul 17 00:00:01 UTC 2019
No se recibio respuesta de la tienda


Wed Jul 17 01:00:01 UTC 2019
No se recibio respuesta de la tienda


Wed Jul 17 02:00:01 UTC 2019
No se recibio respuesta de la tienda


Wed Jul 17 03:00:01 UTC 2019
No se recibio respuesta de la tienda


Wed Jul 17 04:00:01 UTC 2019
No se recibio respuesta de la tienda


Wed Jul 17 05:00:01 UTC 2019
No se recibio respuesta de la tienda


Wed Jul 17 06:00:01 UTC 2019
No se recibio respuesta de la tienda


Wed Jul 17 07:00:01 UTC 2019
No se recibio respuesta de la tienda


Wed Jul 17 08:00:01 UTC 2019
No se recibio respuesta de la tienda


Wed Jul 17 09:00:01 UTC 2019
No se recibio respuesta de la tienda


Wed Jul 17 10:00:01 UTC 2019
No se recibio respuesta de la tienda


Wed Jul 17 11:00:01 UTC 2019
No se recibio respuesta de la tienda


Wed Jul 17 12:00:01 UTC 2019
No se recibio respuesta de la tienda


Wed Jul 17 13:00:01 UTC 2019
No se recibio respuesta de la tienda


Wed Jul 17 14:00:01 UTC 2019
No se recibio respuesta de la tienda


Wed Jul 17 15:00:01 UTC 2019
No se recibio respuesta de la tienda


Wed Jul 17 16:00:01 UTC 2019
No se recibio respuesta de la tienda


Wed Jul 17 17:00:01 UTC 2019
No se recibio respuesta de la tienda


Wed Jul 17 18:00:01 UTC 2019
No se recibio respuesta de la tienda


Wed Jul 17 19:00:01 UTC 2019
No se recibio respuesta de la tienda


Wed Jul 17 20:00:01 UTC 2019
No se recibio respuesta de la tienda


Wed Jul 17 21:00:01 UTC 2019
No se recibio respuesta de la tienda


Wed Jul 17 22:00:01 UTC 2019
No se recibio respuesta de la tienda


Wed Jul 17 23:00:01 UTC 2019
No se recibio respuesta de la tienda


Thu Jul 18 00:00:01 UTC 2019
No se recibio respuesta de la tienda


Thu Jul 18 01:00:01 UTC 2019
No se recibio respuesta de la tienda


Thu Jul 18 02:00:01 UTC 2019
No se recibio respuesta de la tienda


Thu Jul 18 03:00:01 UTC 2019
No se recibio respuesta de la tienda


Thu Jul 18 04:00:01 UTC 2019
No se recibio respuesta de la tienda


Thu Jul 18 05:00:01 UTC 2019
No se recibio respuesta de la tienda


Thu Jul 18 06:00:01 UTC 2019
No se recibio respuesta de la tienda


Thu Jul 18 07:00:01 UTC 2019
No se recibio respuesta de la tienda


Thu Jul 18 08:00:01 UTC 2019
No se recibio respuesta de la tienda


Thu Jul 18 09:00:01 UTC 2019
No se recibio respuesta de la tienda


Thu Jul 18 10:00:01 UTC 2019
No se recibio respuesta de la tienda


Thu Jul 18 11:00:01 UTC 2019
No se recibio respuesta de la tienda


Thu Jul 18 12:00:01 UTC 2019
No se recibio respuesta de la tienda


Thu Jul 18 13:00:01 UTC 2019
No se recibio respuesta de la tienda


Thu Jul 18 14:00:01 UTC 2019
No se recibio respuesta de la tienda


Thu Jul 18 15:00:01 UTC 2019
No se recibio respuesta de la tienda


Thu Jul 18 16:00:01 UTC 2019
No se recibio respuesta de la tienda


Thu Jul 18 17:00:01 UTC 2019
No se recibio respuesta de la tienda


Thu Jul 18 18:00:01 UTC 2019
No se recibio respuesta de la tienda


Thu Jul 18 19:00:01 UTC 2019
No se recibio respuesta de la tienda


Thu Jul 18 20:00:01 UTC 2019
No se recibio respuesta de la tienda


Thu Jul 18 21:00:01 UTC 2019
No se recibio respuesta de la tienda


Thu Jul 18 22:00:01 UTC 2019
No se recibio respuesta de la tienda


Thu Jul 18 23:00:01 UTC 2019
No se recibio respuesta de la tienda


Fri Jul 19 00:00:01 UTC 2019
No se recibio respuesta de la tienda


Fri Jul 19 01:00:01 UTC 2019
No se recibio respuesta de la tienda


Fri Jul 19 02:00:01 UTC 2019
No se recibio respuesta de la tienda


Fri Jul 19 03:00:01 UTC 2019
No se recibio respuesta de la tienda


Fri Jul 19 04:00:01 UTC 2019
No se recibio respuesta de la tienda


Fri Jul 19 05:00:01 UTC 2019
No se recibio respuesta de la tienda


Fri Jul 19 06:00:01 UTC 2019
No se recibio respuesta de la tienda


Fri Jul 19 07:00:01 UTC 2019
No se recibio respuesta de la tienda


Fri Jul 19 08:00:01 UTC 2019
No se recibio respuesta de la tienda


Fri Jul 19 09:00:01 UTC 2019
No se recibio respuesta de la tienda


Fri Jul 19 10:00:01 UTC 2019
No se recibio respuesta de la tienda


Fri Jul 19 11:00:01 UTC 2019
No se recibio respuesta de la tienda


Fri Jul 19 12:00:01 UTC 2019
No se recibio respuesta de la tienda


Fri Jul 19 13:00:01 UTC 2019
No se recibio respuesta de la tienda


Fri Jul 19 14:00:01 UTC 2019
No se recibio respuesta de la tienda


Fri Jul 19 15:00:01 UTC 2019
No se recibio respuesta de la tienda


Fri Jul 19 16:00:01 UTC 2019
No se recibio respuesta de la tienda
S
